
/home/runner/work/exp-portal-frames-iiith/exp-portal-frames-iiith/experiment/simulation/flash simulation/js/MorphSVGPlugin3.min.js
   10:68   warning  'exports' is not defined                                         no-undef
   10:110  warning  'define' is not defined                                          no-undef
   10:123  warning  'define' is not defined                                          no-undef
   17:44   warning  Unnecessary escape character: \-                                 no-useless-escape
   18:35   warning  Unnecessary escape character: \-                                 no-useless-escape
   19:15   warning  Unnecessary escape character: \+                                 no-useless-escape
   19:17   warning  Unnecessary escape character: \-                                 no-useless-escape
   19:32   warning  Unnecessary escape character: \+                                 no-useless-escape
   19:34   warning  Unnecessary escape character: \-                                 no-useless-escape
   20:18   warning  Unnecessary escape character: \.                                 no-useless-escape
  364:18   warning  Unnecessary escape character: \.                                 no-useless-escape
  364:26   warning  Unnecessary escape character: \.                                 no-useless-escape
  364:31   warning  Unnecessary escape character: \+                                 no-useless-escape
  364:42   warning  Unnecessary escape character: \+                                 no-useless-escape
  365:18   warning  Unnecessary escape character: \.                                 no-useless-escape
  407:109  warning  Expected a conditional expression and instead saw an assignment  no-cond-assign

/home/runner/work/exp-portal-frames-iiith/exp-portal-frames-iiith/experiment/simulation/flash simulation/js/animations.js
    2:10  warning  'moveArrowDown' is defined but never used   no-unused-vars
   21:10  warning  'moveArrowLeft' is defined but never used   no-unused-vars
   38:10  warning  'moveArrowRight' is defined but never used  no-unused-vars
   58:10  warning  'animateObserve' is defined but never used  no-unused-vars
   60:5   warning  'anime' is not defined                      no-undef
   63:28  warning  'anime' is not defined                      no-undef
   66:16  warning  'anime' is not defined                      no-undef
   79:10  warning  'cantiPlBeam' is defined but never used     no-unused-vars
   81:9   warning  'tween' is assigned a value but never used  no-unused-vars
   81:17  warning  'KUTE' is not defined                       no-undef
   96:10  warning  'cantiUdlBeam' is defined but never used    no-unused-vars
   98:9   warning  'tween' is assigned a value but never used  no-unused-vars
   98:17  warning  'KUTE' is not defined                       no-undef
  114:10  warning  'fixedPlBeam' is defined but never used     no-unused-vars
  116:9   warning  'tween' is assigned a value but never used  no-unused-vars
  116:17  warning  'KUTE' is not defined                       no-undef
  131:10  warning  'fixedUdlBeam' is defined but never used    no-unused-vars
  133:9   warning  'tween' is assigned a value but never used  no-unused-vars
  133:17  warning  'KUTE' is not defined                       no-undef
  148:10  warning  'onessPlBeam' is defined but never used     no-unused-vars
  150:9   warning  'tween' is assigned a value but never used  no-unused-vars
  150:17  warning  'KUTE' is not defined                       no-undef
  165:10  warning  'onessUdlBeam' is defined but never used    no-unused-vars
  167:9   warning  'tween' is assigned a value but never used  no-unused-vars
  167:17  warning  'KUTE' is not defined                       no-undef
  182:10  warning  'steelBeamOne' is defined but never used    no-unused-vars
  184:9   warning  'tween' is assigned a value but never used  no-unused-vars
  184:17  warning  'KUTE' is not defined                       no-undef
  199:10  warning  'steelBeamTwo' is defined but never used    no-unused-vars
  201:9   warning  'tween' is assigned a value but never used  no-unused-vars
  201:17  warning  'KUTE' is not defined                       no-undef
  216:10  warning  'steelBeamThree' is defined but never used  no-unused-vars
  218:9   warning  'tween' is assigned a value but never used  no-unused-vars
  218:17  warning  'KUTE' is not defined                       no-undef
  232:10  warning  'steelBeamFour' is defined but never used   no-unused-vars
  234:9   warning  'tween' is assigned a value but never used  no-unused-vars
  234:17  warning  'KUTE' is not defined                       no-undef
  248:10  warning  'steelBeamFive' is defined but never used   no-unused-vars
  250:9   warning  'tween' is assigned a value but never used  no-unused-vars
  250:17  warning  'KUTE' is not defined                       no-undef
  264:10  warning  'steelBeamSix' is defined but never used    no-unused-vars
  266:9   warning  'tween' is assigned a value but never used  no-unused-vars
  266:17  warning  'KUTE' is not defined                       no-undef

/home/runner/work/exp-portal-frames-iiith/exp-portal-frames-iiith/experiment/simulation/flash simulation/js/bulma-slider.min.js
  1:66    warning  'module' is not defined        no-undef
  1:112   warning  'define' is not defined        no-undef
  1:123   warning  'define' is not defined        no-undef
  1:161   warning  'exports' is not defined       no-undef
  1:1622  warning  't' is defined but never used  no-unused-vars
  1:4532  warning  'n' is defined but never used  no-unused-vars

/home/runner/work/exp-portal-frames-iiith/exp-portal-frames-iiith/experiment/simulation/flash simulation/js/matter.js
     30:3   warning  'module' is not defined                                     no-undef
     31:42  warning  'define' is not defined                                     no-undef
     32:3   warning  'define' is not defined                                     no-undef
     34:3   warning  'exports' is not defined                                    no-undef
    124:10  warning  Unexpected newline between function and ( of function call  no-unexpected-multiline
    126:25  warning  'exports' is defined but never used                         no-unused-vars
    155:13  warning  'args' is defined but never used                            no-unused-vars
    729:26  warning  'global' is not defined                                     no-undef
    743:25  warning  'exports' is defined but never used                         no-unused-vars
    869:25  warning  'exports' is defined but never used                         no-unused-vars
   2445:5   warning  'Render' is assigned a value but never used                 no-unused-vars
   5588:29  warning  'boundsA' is already defined                                no-redeclare
   5592:33  warning  'boundsB' is already defined                                no-redeclare
   5599:33  warning  'collision' is already defined                              no-redeclare
   6347:37  warning  'time' is defined but never used                            no-unused-vars
   6486:46  warning  'time' is defined but never used                            no-unused-vars
   6738:13  warning  'engine' is assigned a value but never used                 no-unused-vars
   6895:13  warning  'part' is defined but never used                            no-unused-vars
   6898:13  warning  'k' is defined but never used                               no-unused-vars
   6973:13  warning  'engine' is assigned a value but never used                 no-unused-vars
   7010:13  warning  'engine' is assigned a value but never used                 no-unused-vars
   7072:13  warning  'engine' is assigned a value but never used                 no-unused-vars
   7186:13  warning  'corrected' is defined but never used                       no-unused-vars
   7187:13  warning  'bodyA' is defined but never used                           no-unused-vars
   7188:13  warning  'bodyB' is defined but never used                           no-unused-vars
   7269:13  warning  'corrected' is defined but never used                       no-unused-vars
   7273:13  warning  'j' is defined but never used                               no-unused-vars
   7321:13  warning  'engine' is assigned a value but never used                 no-unused-vars
   7861:25  warning  'exports' is defined but never used                         no-unused-vars
   8180:79  warning  'worldBounds' is defined but never used                     no-unused-vars
   8994:23  warning  Unexpected constant condition                               no-constant-condition
  10502:5   warning  'Bounds' is assigned a value but never used                 no-unused-vars
  10738:5   warning  'Common' is assigned a value but never used                 no-unused-vars

/home/runner/work/exp-portal-frames-iiith/exp-portal-frames-iiith/experiment/simulation/flash simulation/js/matter.min.js
  6:66     warning  'module' is not defined                                          no-undef
  6:112    warning  'define' is not defined                                          no-undef
  6:123    warning  'define' is not defined                                          no-undef
  6:170    warning  'exports' is not defined                                         no-undef
  6:1157   warning  't' is defined but never used                                    no-unused-vars
  6:5142   warning  'global' is not defined                                          no-undef
  6:5198   warning  't' is defined but never used                                    no-unused-vars
  6:5996   warning  't' is defined but never used                                    no-unused-vars
  6:10682  warning  Expected a conditional expression and instead saw an assignment  no-cond-assign
  6:19776  warning  Expected a conditional expression and instead saw an assignment  no-cond-assign
  6:45954  warning  't' is defined but never used                                    no-unused-vars
  6:47634  warning  'n' is defined but never used                                    no-unused-vars
  6:59135  warning  't' is defined but never used                                    no-unused-vars
  6:61692  warning  'o' is defined but never used                                    no-unused-vars
  6:66057  warning  Expected a conditional expression and instead saw an assignment  no-cond-assign

/home/runner/work/exp-portal-frames-iiith/exp-portal-frames-iiith/experiment/simulation/flash simulation/vlab2/script.js
   3:30   warning  'i' is already defined                      no-redeclare
   4:55   warning  'ret' is assigned a value but never used    no-unused-vars
  23:39   warning  'i' is already defined                      no-redeclare
  29:328  warning  'jnlp' is defined but never used            no-unused-vars
  29:392  warning  'minimumVersion' is defined but never used  no-unused-vars
  36:241  warning  Empty block statement                       no-empty
  40:75   warning  'i' is already defined                      no-redeclare
  41:27   warning  'i' is already defined                      no-redeclare
  45:128  warning  'ActiveXObject' is not defined              no-undef
  47:16   warning  'ActiveXObject' is not defined              no-undef
  47:199  warning  'oClientCaps' is not defined                no-undef
  49:47   warning  's' is not defined                          no-undef
  49:83   warning  's' is not defined                          no-undef
  51:91   warning  's' is not defined                          no-undef
  51:129  warning  's' is not defined                          no-undef
  51:249  warning  's' is not defined                          no-undef
  57:100  warning  'name' is defined but never used            no-unused-vars
  57:105  warning  'result' is defined but never used          no-unused-vars
  62:9    warning  'i' is already defined                      no-redeclare
  64:508  warning  Unnecessary semicolon                       no-extra-semi
  67:21   warning  'i' is already defined                      no-redeclare
  68:201  warning  Empty block statement                       no-empty
  69:58   warning  Empty block statement                       no-empty
  70:52   warning  Empty block statement                       no-empty

/home/runner/work/exp-portal-frames-iiith/exp-portal-frames-iiith/experiment/simulation/js/animations.js
    2:10  warning  'moveArrowDown' is defined but never used   no-unused-vars
   21:10  warning  'moveArrowLeft' is defined but never used   no-unused-vars
   38:10  warning  'moveArrowRight' is defined but never used  no-unused-vars
   58:10  warning  'animateObserve' is defined but never used  no-unused-vars
   60:5   warning  'anime' is not defined                      no-undef
   63:28  warning  'anime' is not defined                      no-undef
   66:16  warning  'anime' is not defined                      no-undef
   79:10  warning  'cantiPlBeam' is defined but never used     no-unused-vars
   81:9   warning  'tween' is assigned a value but never used  no-unused-vars
   81:17  warning  'KUTE' is not defined                       no-undef
   96:10  warning  'cantiUdlBeam' is defined but never used    no-unused-vars
   98:9   warning  'tween' is assigned a value but never used  no-unused-vars
   98:17  warning  'KUTE' is not defined                       no-undef
  114:10  warning  'fixedPlBeam' is defined but never used     no-unused-vars
  116:9   warning  'tween' is assigned a value but never used  no-unused-vars
  116:17  warning  'KUTE' is not defined                       no-undef
  131:10  warning  'fixedUdlBeam' is defined but never used    no-unused-vars
  133:9   warning  'tween' is assigned a value but never used  no-unused-vars
  133:17  warning  'KUTE' is not defined                       no-undef
  148:10  warning  'onessPlBeam' is defined but never used     no-unused-vars
  150:9   warning  'tween' is assigned a value but never used  no-unused-vars
  150:17  warning  'KUTE' is not defined                       no-undef
  165:10  warning  'onessUdlBeam' is defined but never used    no-unused-vars
  167:9   warning  'tween' is assigned a value but never used  no-unused-vars
  167:17  warning  'KUTE' is not defined                       no-undef
  182:10  warning  'steelBeamOne' is defined but never used    no-unused-vars
  184:9   warning  'tween' is assigned a value but never used  no-unused-vars
  184:17  warning  'KUTE' is not defined                       no-undef
  199:10  warning  'steelBeamTwo' is defined but never used    no-unused-vars
  201:9   warning  'tween' is assigned a value but never used  no-unused-vars
  201:17  warning  'KUTE' is not defined                       no-undef
  216:10  warning  'steelBeamThree' is defined but never used  no-unused-vars
  218:9   warning  'tween' is assigned a value but never used  no-unused-vars
  218:17  warning  'KUTE' is not defined                       no-undef
  232:10  warning  'steelBeamFour' is defined but never used   no-unused-vars
  234:9   warning  'tween' is assigned a value but never used  no-unused-vars
  234:17  warning  'KUTE' is not defined                       no-undef
  248:10  warning  'steelBeamFive' is defined but never used   no-unused-vars
  250:9   warning  'tween' is assigned a value but never used  no-unused-vars
  250:17  warning  'KUTE' is not defined                       no-undef
  264:10  warning  'steelBeamSix' is defined but never used    no-unused-vars
  266:9   warning  'tween' is assigned a value but never used  no-unused-vars
  266:17  warning  'KUTE' is not defined                       no-undef

/home/runner/work/exp-portal-frames-iiith/exp-portal-frames-iiith/experiment/simulation/js/bulma-slider.min.js
  1:66    warning  'module' is not defined        no-undef
  1:112   warning  'define' is not defined        no-undef
  1:123   warning  'define' is not defined        no-undef
  1:161   warning  'exports' is not defined       no-undef
  1:1622  warning  't' is defined but never used  no-unused-vars
  1:4532  warning  'n' is defined but never used  no-unused-vars

/home/runner/work/exp-portal-frames-iiith/exp-portal-frames-iiith/experiment/simulation/js/main.js
   24:10  warning  'onSelection' is defined but never used                       no-unused-vars
   46:10  warning  'showObservations' is defined but never used                  no-unused-vars
   51:5   warning  'animateObserve' is not defined                               no-undef
   61:5   warning  'previousClickedLoadtype' is assigned a value but never used  no-unused-vars
   70:10  warning  'playSimulation' is defined but never used                    no-unused-vars
   87:26  warning  'i' is already defined                                        no-redeclare
   94:26  warning  'i' is already defined                                        no-redeclare
  100:26  warning  'i' is already defined                                        no-redeclare
  106:26  warning  'i' is already defined                                        no-redeclare
  114:17  warning  'moveArrowDown' is not defined                                no-undef
  115:23  warning  'myTimeout' is assigned a value but never used                no-unused-vars
  121:21  warning  'cantiPlBeam' is not defined                                  no-undef
  130:21  warning  'animateObserve' is not defined                               no-undef
  131:21  warning  'animateObserve' is not defined                               no-undef
  139:17  warning  'moveArrowDown' is not defined                                no-undef
  140:23  warning  'myTimeout' is assigned a value but never used                no-unused-vars
  148:21  warning  'cantiUdlBeam' is not defined                                 no-undef
  156:21  warning  'animateObserve' is not defined                               no-undef
  157:21  warning  'animateObserve' is not defined                               no-undef
  166:17  warning  'moveArrowDown' is not defined                                no-undef
  167:23  warning  'myTimeout' is assigned a value but never used                no-unused-vars
  172:21  warning  'fixedPlBeam' is not defined                                  no-undef
  177:21  warning  'animateObserve' is not defined                               no-undef
  178:21  warning  'animateObserve' is not defined                               no-undef
  187:17  warning  'moveArrowDown' is not defined                                no-undef
  188:23  warning  'myTimeout' is assigned a value but never used                no-unused-vars
  193:21  warning  'fixedUdlBeam' is not defined                                 no-undef
  199:21  warning  'animateObserve' is not defined                               no-undef
  208:17  warning  'moveArrowLeft' is not defined                                no-undef
  209:23  warning  'myTimeout' is assigned a value but never used                no-unused-vars
  212:21  warning  'onessPlBeam' is not defined                                  no-undef
  227:17  warning  'moveArrowRight' is not defined                               no-undef
  228:23  warning  'myTimeout' is assigned a value but never used                no-unused-vars
  241:17  warning  'moveArrowDown' is not defined                                no-undef
  242:23  warning  'myTimeout' is assigned a value but never used                no-unused-vars
  247:21  warning  'steelBeamOne' is not defined                                 no-undef
  254:21  warning  'animateObserve' is not defined                               no-undef
  262:17  warning  'moveArrowDown' is not defined                                no-undef
  263:23  warning  'myTimeout' is assigned a value but never used                no-unused-vars
  268:21  warning  'steelBeamTwo' is not defined                                 no-undef
  274:21  warning  'animateObserve' is not defined                               no-undef
  283:17  warning  'moveArrowDown' is not defined                                no-undef
  284:23  warning  'myTimeout' is assigned a value but never used                no-unused-vars
  289:21  warning  'steelBeamThree' is not defined                               no-undef
  295:21  warning  'animateObserve' is not defined                               no-undef
  304:17  warning  'moveArrowDown' is not defined                                no-undef
  305:23  warning  'myTimeout' is assigned a value but never used                no-unused-vars
  315:21  warning  'steelBeamFour' is not defined                                no-undef
  317:21  warning  'animateObserve' is not defined                               no-undef
  326:17  warning  'moveArrowLeft' is not defined                                no-undef
  327:23  warning  'myTimeout' is assigned a value but never used                no-unused-vars
  332:21  warning  'steelBeamFive' is not defined                                no-undef
  338:21  warning  'animateObserve' is not defined                               no-undef
  347:17  warning  'moveArrowRight' is not defined                               no-undef
  348:23  warning  'myTimeout' is assigned a value but never used                no-unused-vars
  353:21  warning  'steelBeamSix' is not defined                                 no-undef
  359:21  warning  'animateObserve' is not defined                               no-undef

✖ 243 problems (0 errors, 243 warnings)
  0 errors and 1 warning potentially fixable with the `--fix` option.

